GAS LISTING C:\Users\RANDOH~1\AppData\Local\Temp/ccnmVGqi.s 			page 1


   1               		.file	"main.c"
   2               	__SREG__ = 0x3f
   3               	__SP_H__ = 0x3e
   4               	__SP_L__ = 0x3d
   5               	__CCP__  = 0x34
   6               	__tmp_reg__ = 0
   7               	__zero_reg__ = 1
   8               		.section	.debug_abbrev,"",@progbits
   9               	.Ldebug_abbrev0:
  10               		.section	.debug_info,"",@progbits
  11               	.Ldebug_info0:
  12               		.section	.debug_line,"",@progbits
  13               	.Ldebug_line0:
  14               		.text
  15               	.Ltext0:
  16               	.global	main
  17               		.type	main, @function
  18               	main:
  19               	.LFB2:
  20               	.LM1:
  21               	/* prologue: function */
  22               	/* frame size = 0 */
  23               	.LM2:
  24 0000 0E94 0000 		call SPI_init
  25               	.L2:
  26 0004 00C0      		rjmp .L2
  27               	.LFE2:
  28               		.size	main, .-main
  29               		.section	.debug_frame,"",@progbits
  30               	.Lframe0:
  31 0000 0C00 0000 		.long	.LECIE0-.LSCIE0
  32               	.LSCIE0:
  33 0004 FFFF FFFF 		.long	0xffffffff
  34 0008 01        		.byte	0x1
  35 0009 00        		.string	""
  36 000a 01        		.uleb128 0x1
  37 000b 7F        		.sleb128 -1
  38 000c 24        		.byte	0x24
  39 000d 0C        		.byte	0xc
  40 000e 20        		.uleb128 0x20
  41 000f 00        		.uleb128 0x0
  42               		.p2align	2
  43               	.LECIE0:
  44               	.LSFDE0:
  45 0010 0C00 0000 		.long	.LEFDE0-.LASFDE0
  46               	.LASFDE0:
  47 0014 0000 0000 		.long	.Lframe0
  48 0018 0000 0000 		.long	.LFB2
  49 001c 0600 0000 		.long	.LFE2-.LFB2
  50               		.p2align	2
  51               	.LEFDE0:
  52               		.text
  53               	.Letext0:
  54               		.section	.debug_info
  55 0000 7100 0000 		.long	0x71
  56 0004 0200      		.word	0x2
  57 0006 0000 0000 		.long	.Ldebug_abbrev0
GAS LISTING C:\Users\RANDOH~1\AppData\Local\Temp/ccnmVGqi.s 			page 2


  58 000a 04        		.byte	0x4
  59 000b 01        		.uleb128 0x1
  60 000c 0000 0000 		.long	.LASF7
  61 0010 01        		.byte	0x1
  62 0011 0000 0000 		.long	.LASF8
  63 0015 0000 0000 		.long	.LASF9
  64 0019 0000 0000 		.long	.Ltext0
  65 001d 0000 0000 		.long	.Letext0
  66 0021 0000 0000 		.long	.Ldebug_line0
  67 0025 02        		.uleb128 0x2
  68 0026 01        		.byte	0x1
  69 0027 06        		.byte	0x6
  70 0028 0000 0000 		.long	.LASF0
  71 002c 02        		.uleb128 0x2
  72 002d 01        		.byte	0x1
  73 002e 08        		.byte	0x8
  74 002f 0000 0000 		.long	.LASF1
  75 0033 03        		.uleb128 0x3
  76 0034 02        		.byte	0x2
  77 0035 05        		.byte	0x5
  78 0036 696E 7400 		.string	"int"
  79 003a 02        		.uleb128 0x2
  80 003b 02        		.byte	0x2
  81 003c 07        		.byte	0x7
  82 003d 0000 0000 		.long	.LASF2
  83 0041 02        		.uleb128 0x2
  84 0042 04        		.byte	0x4
  85 0043 05        		.byte	0x5
  86 0044 0000 0000 		.long	.LASF3
  87 0048 02        		.uleb128 0x2
  88 0049 04        		.byte	0x4
  89 004a 07        		.byte	0x7
  90 004b 0000 0000 		.long	.LASF4
  91 004f 02        		.uleb128 0x2
  92 0050 08        		.byte	0x8
  93 0051 05        		.byte	0x5
  94 0052 0000 0000 		.long	.LASF5
  95 0056 02        		.uleb128 0x2
  96 0057 08        		.byte	0x8
  97 0058 07        		.byte	0x7
  98 0059 0000 0000 		.long	.LASF6
  99 005d 04        		.uleb128 0x4
 100 005e 01        		.byte	0x1
 101 005f 0000 0000 		.long	.LASF10
 102 0063 01        		.byte	0x1
 103 0064 09        		.byte	0x9
 104 0065 3300 0000 		.long	0x33
 105 0069 0000 0000 		.long	.LFB2
 106 006d 0000 0000 		.long	.LFE2
 107 0071 02        		.byte	0x2
 108 0072 90        		.byte	0x90
 109 0073 20        		.uleb128 0x20
 110 0074 00        		.byte	0x0
 111               		.section	.debug_abbrev
 112 0000 01        		.uleb128 0x1
 113 0001 11        		.uleb128 0x11
 114 0002 01        		.byte	0x1
GAS LISTING C:\Users\RANDOH~1\AppData\Local\Temp/ccnmVGqi.s 			page 3


 115 0003 25        		.uleb128 0x25
 116 0004 0E        		.uleb128 0xe
 117 0005 13        		.uleb128 0x13
 118 0006 0B        		.uleb128 0xb
 119 0007 03        		.uleb128 0x3
 120 0008 0E        		.uleb128 0xe
 121 0009 1B        		.uleb128 0x1b
 122 000a 0E        		.uleb128 0xe
 123 000b 11        		.uleb128 0x11
 124 000c 01        		.uleb128 0x1
 125 000d 12        		.uleb128 0x12
 126 000e 01        		.uleb128 0x1
 127 000f 10        		.uleb128 0x10
 128 0010 06        		.uleb128 0x6
 129 0011 00        		.byte	0x0
 130 0012 00        		.byte	0x0
 131 0013 02        		.uleb128 0x2
 132 0014 24        		.uleb128 0x24
 133 0015 00        		.byte	0x0
 134 0016 0B        		.uleb128 0xb
 135 0017 0B        		.uleb128 0xb
 136 0018 3E        		.uleb128 0x3e
 137 0019 0B        		.uleb128 0xb
 138 001a 03        		.uleb128 0x3
 139 001b 0E        		.uleb128 0xe
 140 001c 00        		.byte	0x0
 141 001d 00        		.byte	0x0
 142 001e 03        		.uleb128 0x3
 143 001f 24        		.uleb128 0x24
 144 0020 00        		.byte	0x0
 145 0021 0B        		.uleb128 0xb
 146 0022 0B        		.uleb128 0xb
 147 0023 3E        		.uleb128 0x3e
 148 0024 0B        		.uleb128 0xb
 149 0025 03        		.uleb128 0x3
 150 0026 08        		.uleb128 0x8
 151 0027 00        		.byte	0x0
 152 0028 00        		.byte	0x0
 153 0029 04        		.uleb128 0x4
 154 002a 2E        		.uleb128 0x2e
 155 002b 00        		.byte	0x0
 156 002c 3F        		.uleb128 0x3f
 157 002d 0C        		.uleb128 0xc
 158 002e 03        		.uleb128 0x3
 159 002f 0E        		.uleb128 0xe
 160 0030 3A        		.uleb128 0x3a
 161 0031 0B        		.uleb128 0xb
 162 0032 3B        		.uleb128 0x3b
 163 0033 0B        		.uleb128 0xb
 164 0034 49        		.uleb128 0x49
 165 0035 13        		.uleb128 0x13
 166 0036 11        		.uleb128 0x11
 167 0037 01        		.uleb128 0x1
 168 0038 12        		.uleb128 0x12
 169 0039 01        		.uleb128 0x1
 170 003a 40        		.uleb128 0x40
 171 003b 0A        		.uleb128 0xa
GAS LISTING C:\Users\RANDOH~1\AppData\Local\Temp/ccnmVGqi.s 			page 4


 172 003c 00        		.byte	0x0
 173 003d 00        		.byte	0x0
 174 003e 00        		.byte	0x0
 175               		.section	.debug_pubnames,"",@progbits
 176 0000 1700 0000 		.long	0x17
 177 0004 0200      		.word	0x2
 178 0006 0000 0000 		.long	.Ldebug_info0
 179 000a 7500 0000 		.long	0x75
 180 000e 5D00 0000 		.long	0x5d
 181 0012 6D61 696E 		.string	"main"
 181      00
 182 0017 0000 0000 		.long	0x0
 183               		.section	.debug_aranges,"",@progbits
 184 0000 1C00 0000 		.long	0x1c
 185 0004 0200      		.word	0x2
 186 0006 0000 0000 		.long	.Ldebug_info0
 187 000a 04        		.byte	0x4
 188 000b 00        		.byte	0x0
 189 000c 0000      		.word	0x0
 190 000e 0000      		.word	0x0
 191 0010 0000 0000 		.long	.Ltext0
 192 0014 0600 0000 		.long	.Letext0-.Ltext0
 193 0018 0000 0000 		.long	0x0
 194 001c 0000 0000 		.long	0x0
 195               		.section	.debug_line
 196 0000 3E00 0000 		.long	.LELT0-.LSLT0
 197               	.LSLT0:
 198 0004 0200      		.word	0x2
 199 0006 1E00 0000 		.long	.LELTP0-.LASLTP0
 200               	.LASLTP0:
 201 000a 01        		.byte	0x1
 202 000b 01        		.byte	0x1
 203 000c F6        		.byte	0xf6
 204 000d F5        		.byte	0xf5
 205 000e 0A        		.byte	0xa
 206 000f 00        		.byte	0x0
 207 0010 01        		.byte	0x1
 208 0011 01        		.byte	0x1
 209 0012 01        		.byte	0x1
 210 0013 01        		.byte	0x1
 211 0014 00        		.byte	0x0
 212 0015 00        		.byte	0x0
 213 0016 00        		.byte	0x0
 214 0017 01        		.byte	0x1
 215 0018 7372 63   		.ascii	"src"
 216 001b 00        		.byte	0
 217 001c 00        		.byte	0x0
 218 001d 6D61 696E 		.string	"main.c"
 218      2E63 00
 219 0024 01        		.uleb128 0x1
 220 0025 00        		.uleb128 0x0
 221 0026 00        		.uleb128 0x0
 222 0027 00        		.byte	0x0
 223               	.LELTP0:
 224 0028 00        		.byte	0x0
 225 0029 05        		.uleb128 0x5
 226 002a 02        		.byte	0x2
GAS LISTING C:\Users\RANDOH~1\AppData\Local\Temp/ccnmVGqi.s 			page 5


 227 002b 0000 0000 		.long	.LM1
 228 002f 1C        		.byte	0x1c
 229 0030 00        		.byte	0x0
 230 0031 05        		.uleb128 0x5
 231 0032 02        		.byte	0x2
 232 0033 0000 0000 		.long	.LM2
 233 0037 16        		.byte	0x16
 234 0038 00        		.byte	0x0
 235 0039 05        		.uleb128 0x5
 236 003a 02        		.byte	0x2
 237 003b 0000 0000 		.long	.Letext0
 238 003f 00        		.byte	0x0
 239 0040 01        		.uleb128 0x1
 240 0041 01        		.byte	0x1
 241               	.LELT0:
 242 0042 1600 0000 		.section	.debug_str,"MS",@progbits,1
 242      0200 1000 
 242      0000 0101 
 242      FB0E 0A00 
 242      0101 0101 
 243               	.LASF5:
 244 0000 6C6F 6E67 		.string	"long long int"
 244      206C 6F6E 
 244      6720 696E 
 244      7400 
 245               	.LASF2:
 246 000e 756E 7369 		.string	"unsigned int"
 246      676E 6564 
 246      2069 6E74 
 246      00
 247               	.LASF4:
 248 001b 6C6F 6E67 		.string	"long unsigned int"
 248      2075 6E73 
 248      6967 6E65 
 248      6420 696E 
 248      7400 
 249               	.LASF6:
 250 002d 6C6F 6E67 		.string	"long long unsigned int"
 250      206C 6F6E 
 250      6720 756E 
 250      7369 676E 
 250      6564 2069 
 251               	.LASF8:
 252 0044 7372 632F 		.string	"src/main.c"
 252      6D61 696E 
 252      2E63 00
 253               	.LASF1:
 254 004f 756E 7369 		.string	"unsigned char"
 254      676E 6564 
 254      2063 6861 
 254      7200 
 255               	.LASF10:
 256 005d 6D61 696E 		.string	"main"
 256      00
 257               	.LASF3:
 258 0062 6C6F 6E67 		.string	"long int"
 258      2069 6E74 
GAS LISTING C:\Users\RANDOH~1\AppData\Local\Temp/ccnmVGqi.s 			page 6


 258      00
 259               	.LASF9:
 260 006b 633A 5C75 		.ascii	"c:\\users\\rando hinn\\documents\\ahh"
 260      7365 7273 
 260      5C72 616E 
 260      646F 2068 
 260      696E 6E5C 
 261 008c 6161 5C30 		.string	"aa\\00_oskariii\\brains\\electronics\\firmware\\00_can_mootoridraiver"
 261      305F 6F73 
 261      6B61 7269 
 261      6969 5C62 
 261      7261 696E 
 262               	.LASF0:
 263 00cd 7369 676E 		.string	"signed char"
 263      6564 2063 
 263      6861 7200 
 264               	.LASF7:
 265 00d9 474E 5520 		.string	"GNU C 4.3.3"
 265      4320 342E 
 265      332E 3300 
GAS LISTING C:\Users\RANDOH~1\AppData\Local\Temp/ccnmVGqi.s 			page 7


DEFINED SYMBOLS
                            *ABS*:00000000 main.c
C:\Users\RANDOH~1\AppData\Local\Temp/ccnmVGqi.s:2      *ABS*:0000003f __SREG__
C:\Users\RANDOH~1\AppData\Local\Temp/ccnmVGqi.s:3      *ABS*:0000003e __SP_H__
C:\Users\RANDOH~1\AppData\Local\Temp/ccnmVGqi.s:4      *ABS*:0000003d __SP_L__
C:\Users\RANDOH~1\AppData\Local\Temp/ccnmVGqi.s:5      *ABS*:00000034 __CCP__
C:\Users\RANDOH~1\AppData\Local\Temp/ccnmVGqi.s:6      *ABS*:00000000 __tmp_reg__
C:\Users\RANDOH~1\AppData\Local\Temp/ccnmVGqi.s:7      *ABS*:00000001 __zero_reg__
C:\Users\RANDOH~1\AppData\Local\Temp/ccnmVGqi.s:18     .text:00000000 main

UNDEFINED SYMBOLS
SPI_init
